<?xml version="1.0" encoding="UTF-8"?>
<testsuite xmlns:xsi="http://www.w3.org/2001/XMLSchema-instance" xsi:noNamespaceSchemaLocation="https://maven.apache.org/surefire/maven-surefire-plugin/xsd/surefire-test-report-3.0.xsd" version="3.0" name="com.recipebook.SearchServiceTest" time="0.168" tests="9" errors="0" skipped="0" failures="0">
  <properties>
[...]
</properties>
  <testcase name="testSearchByKeyword(String, String)[1]" classname="com.recipebook.SearchServiceTest" time="0.027"/>
  <testcase name="testSearchByKeyword(String, String)[2]" classname="com.recipebook.SearchServiceTest" time="0.002"/>
  <testcase name="testSearchByKeyword(String, String)[3]" classname="com.recipebook.SearchServiceTest" time="0.002"/>
  <testcase name="testSearchByKeyword(String, String)[4]" classname="com.recipebook.SearchServiceTest" time="0.001"/>
  <testcase name="testSearchByKeyword(String, String)[5]" classname="com.recipebook.SearchServiceTest" time="0.002"/>
  <testcase name="testSearchByIngredient(String, int)[1]" classname="com.recipebook.SearchServiceTest" time="0.011"/>
  <testcase name="testSearchByIngredient(String, int)[2]" classname="com.recipebook.SearchServiceTest" time="0.001"/>
  <testcase name="testSearchByIngredient(String, int)[3]" classname="com.recipebook.SearchServiceTest" time="0.002"/>
  <testcase name="testSearchByIngredient(String, int)[4]" classname="com.recipebook.SearchServiceTest" time="0.001"/>
</testsuite>